<<<<<<< HEAD
﻿  A_Star.cpp
  Scene_Ending.cpp
  Scene_Ingame.cpp
  코드를 생성하고 있습니다...
  Win32APIGameBase.vcxproj -> C:\Users\hp\Documents\GitHub\Philosopher-s-Stone\Win32APIGameBase\Debug\Win32APIGameBase.exe
=======
﻿  stdafx.cpp
  A_Star.cpp
  BitmapObj.cpp
  ButtonObj.cpp
  DrawManager.cpp
  EntityObj.cpp
c:\users\world famous star\desktop\프로젝트\api 팀 프로젝트\philosopher-s-stone\win32apigamebase\entityobj.cpp(933): warning C4305: '+=': 'double'에서 'float'(으)로 잘립니다.
  FrameManager.cpp
  GdiObj.cpp
  HeroObj.cpp
c:\users\world famous star\desktop\프로젝트\api 팀 프로젝트\philosopher-s-stone\win32apigamebase\heroobj.cpp(298): warning C4244: '=': 'float'에서 'int'(으)로 변환하면서 데이터가 손실될 수 있습니다.
c:\users\world famous star\desktop\프로젝트\api 팀 프로젝트\philosopher-s-stone\win32apigamebase\heroobj.cpp(311): warning C4244: '=': 'float'에서 'int'(으)로 변환하면서 데이터가 손실될 수 있습니다.
c:\users\world famous star\desktop\프로젝트\api 팀 프로젝트\philosopher-s-stone\win32apigamebase\heroobj.cpp(324): warning C4244: '=': 'float'에서 'int'(으)로 변환하면서 데이터가 손실될 수 있습니다.
c:\users\world famous star\desktop\프로젝트\api 팀 프로젝트\philosopher-s-stone\win32apigamebase\heroobj.cpp(337): warning C4244: '=': 'float'에서 'int'(으)로 변환하면서 데이터가 손실될 수 있습니다.
c:\users\world famous star\desktop\프로젝트\api 팀 프로젝트\philosopher-s-stone\win32apigamebase\heroobj.cpp(556): warning C4244: '=': 'float'에서 'int'(으)로 변환하면서 데이터가 손실될 수 있습니다.
  InputManager.cpp
  ObjectPool.cpp
  SceneManager.cpp
  Scene_Credit.cpp
  Scene_Ending.cpp
  Scene_Ingame.cpp
  Scene_Title.cpp
  Skill.cpp
  SoundObj.cpp
c:\users\world famous star\desktop\프로젝트\api 팀 프로젝트\philosopher-s-stone\win32apigamebase\soundobj.cpp(109): warning C4244: '=': 'double'에서 'float'(으)로 변환하면서 데이터가 손실될 수 있습니다.
  Sprite.cpp
  System.cpp
  SystemObj.cpp
  코드를 생성하고 있습니다...
c:\users\world famous star\desktop\프로젝트\api 팀 프로젝트\philosopher-s-stone\win32apigamebase\entityobj.cpp(1424): warning C4715: 'Entity::isMonsterRoadOverlap': 모든 제어 경로에서 값을 반환하지는 않습니다.
c:\users\world famous star\desktop\프로젝트\api 팀 프로젝트\philosopher-s-stone\win32apigamebase\entityobj.cpp(1541): warning C4715: 'Entity::returnReverseDirection': 모든 제어 경로에서 값을 반환하지는 않습니다.
  컴파일하고 있습니다...
  TileObj.cpp
c:\users\world famous star\desktop\프로젝트\api 팀 프로젝트\philosopher-s-stone\win32apigamebase\tileobj.cpp(72): warning C4244: '=': 'int'에서 'float'(으)로 변환하면서 데이터가 손실될 수 있습니다.
c:\users\world famous star\desktop\프로젝트\api 팀 프로젝트\philosopher-s-stone\win32apigamebase\tileobj.cpp(452): warning C4244: '인수': 'float'에서 'int'(으)로 변환하면서 데이터가 손실될 수 있습니다.
  main.cpp
  코드를 생성하고 있습니다...
  Win32APIGameBase.vcxproj -> C:\Users\World Famous Star\Desktop\프로젝트\API 팀 프로젝트\Philosopher-s-Stone\Win32APIGameBase\Debug\Win32APIGameBase.exe
>>>>>>> bcc7bbe4a64e1f6d9030ebe4af6ecaa86f189665
