  stdafx.cpp
  A_Star.cpp
  EntityObj.cpp
  HeroObj.cpp
  Scene_Credit.cpp
  Scene_Ending.cpp
  Skill.cpp
  SoundObj.cpp
c:\users\world famous star\desktop\프로젝트\api 팀 프로젝트\philosopher-s-stone\win32apigamebase\soundobj.cpp(116): warning C4244: '=': 'double'에서 'float'(으)로 변환하면서 데이터가 손실될 수 있습니다.
  Sprite.cpp
  BitmapObj.cpp
  DrawManager.cpp
  FrameManager.cpp
  GdiObj.cpp
  InputManager.cpp
  ObjectPool.cpp
  SceneManager.cpp
  Scene_Ingame.cpp
  Scene_Title.cpp
  SystemObj.cpp
  ButtonObj.cpp
  System.cpp
  컴파일하고 있습니다...
  main.cpp
  TileObj.cpp
c:\users\world famous star\desktop\프로젝트\api 팀 프로젝트\philosopher-s-stone\win32apigamebase\tileobj.cpp(68): warning C4244: '=': 'int'에서 'float'(으)로 변환하면서 데이터가 손실될 수 있습니다.
c:\users\world famous star\desktop\프로젝트\api 팀 프로젝트\philosopher-s-stone\win32apigamebase\tileobj.cpp(254): warning C4305: '+=': 'double'에서 'float'(으)로 잘립니다.
c:\users\world famous star\desktop\프로젝트\api 팀 프로젝트\philosopher-s-stone\win32apigamebase\tileobj.cpp(489): warning C4244: '인수': 'float'에서 'int'(으)로 변환하면서 데이터가 손실될 수 있습니다.
  코드를 생성하고 있습니다.
c:\users\world famous star\desktop\프로젝트\api 팀 프로젝트\philosopher-s-stone\win32apigamebase\entityobj.cpp(1035): warning C4715: 'Entity::returnReverseDirection': 모든 제어 경로에서 값을 반환하지는 않습니다.
c:\users\world famous star\desktop\프로젝트\api 팀 프로젝트\philosopher-s-stone\win32apigamebase\entityobj.cpp(923): warning C4715: 'Entity::isMonsterRoadOverlap': 모든 제어 경로에서 값을 반환하지는 않습니다.
  1066 of 1066 functions (100.0%) were compiled.
    140 functions were new in current compilation
    0 functions had inline decision re-evaluated but remain unchanged
  코드를 생성했습니다.
  Win32APIGameBase.vcxproj -> C:\Users\World Famous Star\Desktop\프로젝트\API 팀 프로젝트\Philosopher-s-Stone\Win32APIGameBase\Release\Win32APIGameBase.exe
